android/app/build/intermediates/manifest_merge_blame_file/release/manifest-merger-blame-release-report.txt
1<?xml version="1.0" encoding="utf-8"?>
2<manifest xmlns:android="http://schemas.android.com/apk/res/android"
3    package="com.expert4u"
4    android:versionCode="24"
5    android:versionName="1.2" >
6
7    <uses-sdk
8        android:minSdkVersion="21"
9        android:targetSdkVersion="34" />
10
11    <uses-permission android:name="android.permission.INTERNET" />
11-->src/main/AndroidManifest.xml:3:5-67
11-->src/main/AndroidManifest.xml:3:22-64
12    <uses-permission android:name="android.permission.READ_EXTERNAL_STORAGE" />
12-->src/main/AndroidManifest.xml:4:5-79
12-->src/main/AndroidManifest.xml:4:22-77
13    <uses-permission android:name="android.permission.WRITE_EXTERNAL_STORAGE" />
13-->src/main/AndroidManifest.xml:5:5-81
13-->src/main/AndroidManifest.xml:5:22-78
14    <!-- Define ACCESS_FINE_LOCATION if you will use enableHighAccuracy=true -->
15    <uses-permission android:name="android.permission.ACCESS_COARSE_LOCATION" />
15-->src/main/AndroidManifest.xml:7:6-82
15-->src/main/AndroidManifest.xml:7:23-79
16    <uses-permission android:name="android.permission.CALL_PHONE" />
16-->src/main/AndroidManifest.xml:8:6-70
16-->src/main/AndroidManifest.xml:8:23-67
17    <!-- Define ACCESS_COARSE_LOCATION if you will use enableHighAccuracy=false -->
18    <uses-permission android:name="android.permission.ACCESS_FINE_LOCATION" />
18-->src/main/AndroidManifest.xml:10:6-11:64
18-->src/main/AndroidManifest.xml:11:7-61
19
20    <meta-data
20-->src/main/AndroidManifest.xml:12:4-14:71
21        android:name="com.google.android.geo.API_KEY"
21-->src/main/AndroidManifest.xml:13:13-58
22        android:value="AIzaSyCBRJgSZT50bFwgbOQHOWdi0giGUEdG3MY" />
22-->src/main/AndroidManifest.xml:14:13-68
23
24    <queries>
24-->[:react-native-image-crop-picker] AndroidManifest.xml:7:5-11:15
25        <intent>
25-->[:react-native-image-crop-picker] AndroidManifest.xml:8:9-10:18
26            <action android:name="android.media.action.IMAGE_CAPTURE" />
26-->[:react-native-image-crop-picker] AndroidManifest.xml:9:13-73
26-->[:react-native-image-crop-picker] AndroidManifest.xml:9:21-70
27        </intent>
28        <intent>
28-->[com.razorpay:standard-core:1.6.41] AndroidManifest.xml:11:9-17:18
29            <action android:name="android.intent.action.VIEW" />
29-->src/main/AndroidManifest.xml:42:9-61
29-->src/main/AndroidManifest.xml:42:17-58
30
31            <data
31-->src/main/AndroidManifest.xml:45:9-44
32                android:mimeType="*/*"
33                android:scheme="*" />
33-->src/main/AndroidManifest.xml:45:15-41
34        </intent>
35        <intent>
35-->[com.razorpay:standard-core:1.6.41] AndroidManifest.xml:18:9-27:18
36            <action android:name="android.intent.action.VIEW" />
36-->src/main/AndroidManifest.xml:42:9-61
36-->src/main/AndroidManifest.xml:42:17-58
37
38            <category android:name="android.intent.category.BROWSABLE" />
38-->src/main/AndroidManifest.xml:44:9-70
38-->src/main/AndroidManifest.xml:44:19-67
39
40            <data
40-->src/main/AndroidManifest.xml:45:9-44
41                android:host="pay"
41-->src/main/AndroidManifest.xml:54:15-46
42                android:mimeType="*/*"
43                android:scheme="upi" />
43-->src/main/AndroidManifest.xml:45:15-41
44        </intent>
45        <intent>
45-->[com.razorpay:standard-core:1.6.41] AndroidManifest.xml:28:9-30:18
46            <action android:name="android.intent.action.MAIN" />
46-->src/main/AndroidManifest.xml:37:13-65
46-->src/main/AndroidManifest.xml:37:21-62
47        </intent>
48        <intent>
48-->[com.razorpay:standard-core:1.6.41] AndroidManifest.xml:31:9-35:18
49            <action android:name="android.intent.action.SEND" />
49-->[com.razorpay:standard-core:1.6.41] AndroidManifest.xml:32:13-65
49-->[com.razorpay:standard-core:1.6.41] AndroidManifest.xml:32:21-62
50
51            <data android:mimeType="*/*" />
51-->src/main/AndroidManifest.xml:45:9-44
52        </intent>
53        <intent>
53-->[com.razorpay:standard-core:1.6.41] AndroidManifest.xml:36:9-38:18
54            <action android:name="rzp.device_token.share" />
54-->[com.razorpay:standard-core:1.6.41] AndroidManifest.xml:37:13-61
54-->[com.razorpay:standard-core:1.6.41] AndroidManifest.xml:37:21-58
55        </intent> <!-- Needs to be explicitly declared on Android R+ -->
56        <package android:name="com.google.android.apps.maps" />
56-->[com.google.android.gms:play-services-maps:18.0.2] AndroidManifest.xml:33:9-64
56-->[com.google.android.gms:play-services-maps:18.0.2] AndroidManifest.xml:33:18-61
57    </queries> <!-- Include required permissions for Google Maps API to run. -->
58    <uses-permission android:name="android.permission.ACCESS_NETWORK_STATE" />
58-->[com.google.android.gms:play-services-maps:18.0.2] AndroidManifest.xml:23:5-79
58-->[com.google.android.gms:play-services-maps:18.0.2] AndroidManifest.xml:23:22-76
59
60    <uses-feature
60-->[com.google.android.gms:play-services-maps:18.0.2] AndroidManifest.xml:26:5-28:35
61        android:glEsVersion="0x00020000"
61-->[com.google.android.gms:play-services-maps:18.0.2] AndroidManifest.xml:27:9-41
62        android:required="true" /> <!-- Required by older versions of Google Play services to create IID tokens -->
62-->[com.google.android.gms:play-services-maps:18.0.2] AndroidManifest.xml:28:9-32
63    <uses-permission android:name="com.google.android.c2dm.permission.RECEIVE" />
63-->[com.google.android.gms:play-services-iid:17.0.0] AndroidManifest.xml:23:5-82
63-->[com.google.android.gms:play-services-iid:17.0.0] AndroidManifest.xml:23:22-79
64    <uses-permission android:name="android.permission.WAKE_LOCK" />
64-->[androidx.work:work-runtime:2.7.1] AndroidManifest.xml:25:5-68
64-->[androidx.work:work-runtime:2.7.1] AndroidManifest.xml:25:22-65
65    <uses-permission android:name="android.permission.RECEIVE_BOOT_COMPLETED" />
65-->[androidx.work:work-runtime:2.7.1] AndroidManifest.xml:27:5-81
65-->[androidx.work:work-runtime:2.7.1] AndroidManifest.xml:27:22-78
66    <uses-permission android:name="android.permission.FOREGROUND_SERVICE" />
66-->[androidx.work:work-runtime:2.7.1] AndroidManifest.xml:28:5-77
66-->[androidx.work:work-runtime:2.7.1] AndroidManifest.xml:28:22-74
67
68    <permission
68-->[androidx.core:core:1.9.0] AndroidManifest.xml:22:5-24:47
69        android:name="com.expert4u.DYNAMIC_RECEIVER_NOT_EXPORTED_PERMISSION"
69-->[androidx.core:core:1.9.0] AndroidManifest.xml:23:9-81
70        android:protectionLevel="signature" />
70-->[androidx.core:core:1.9.0] AndroidManifest.xml:24:9-44
71
72    <uses-permission android:name="com.expert4u.DYNAMIC_RECEIVER_NOT_EXPORTED_PERMISSION" />
72-->[androidx.core:core:1.9.0] AndroidManifest.xml:26:5-97
72-->[androidx.core:core:1.9.0] AndroidManifest.xml:26:22-94
73    <uses-permission android:name="com.google.android.finsky.permission.BIND_GET_INSTALL_REFERRER_SERVICE" />
73-->[com.android.installreferrer:installreferrer:1.1.2] AndroidManifest.xml:9:5-110
73-->[com.android.installreferrer:installreferrer:1.1.2] AndroidManifest.xml:9:22-107
74
75    <application
75-->src/main/AndroidManifest.xml:15:5-57:19
76        android:name="com.expert4u.MainApplication"
76-->src/main/AndroidManifest.xml:16:7-38
77        android:allowBackup="false"
77-->src/main/AndroidManifest.xml:21:7-34
78        android:appComponentFactory="androidx.core.app.CoreComponentFactory"
78-->[androidx.core:core:1.9.0] AndroidManifest.xml:28:18-86
79        android:extractNativeLibs="true"
80        android:icon="@mipmap/ic_launcher"
80-->src/main/AndroidManifest.xml:19:7-41
81        android:label="@string/app_name"
81-->src/main/AndroidManifest.xml:18:7-39
82        android:roundIcon="@mipmap/ic_launcher"
82-->src/main/AndroidManifest.xml:20:7-46
83        android:theme="@style/AppTheme"
83-->src/main/AndroidManifest.xml:22:7-38
84        android:usesCleartextTraffic="true" >
84-->src/main/AndroidManifest.xml:17:8-43
85        <meta-data
85-->src/main/AndroidManifest.xml:12:4-14:71
86            android:name="com.google.android.geo.API_KEY"
86-->src/main/AndroidManifest.xml:13:13-58
87            android:value="AIzaSyCBRJgSZT50bFwgbOQHOWdi0giGUEdG3MY" />
87-->src/main/AndroidManifest.xml:14:13-68
88
89        <activity
89-->src/main/AndroidManifest.xml:28:7-56:18
90            android:name="com.expert4u.MainActivity"
90-->src/main/AndroidManifest.xml:29:9-37
91            android:configChanges="keyboard|keyboardHidden|orientation|screenLayout|screenSize|smallestScreenSize|uiMode"
91-->src/main/AndroidManifest.xml:31:9-118
92            android:exported="true"
92-->src/main/AndroidManifest.xml:35:9-32
93            android:label="@string/app_name"
93-->src/main/AndroidManifest.xml:30:9-41
94            android:launchMode="singleTask"
94-->src/main/AndroidManifest.xml:33:9-40
95            android:screenOrientation="portrait"
95-->src/main/AndroidManifest.xml:32:8-44
96            android:windowSoftInputMode="adjustResize" >
96-->src/main/AndroidManifest.xml:34:9-51
97            <intent-filter>
97-->src/main/AndroidManifest.xml:36:9-39:25
98                <action android:name="android.intent.action.MAIN" />
98-->src/main/AndroidManifest.xml:37:13-65
98-->src/main/AndroidManifest.xml:37:21-62
99
100                <category android:name="android.intent.category.LAUNCHER" />
100-->src/main/AndroidManifest.xml:38:13-73
100-->src/main/AndroidManifest.xml:38:23-70
101            </intent-filter>
102            <intent-filter>
102-->src/main/AndroidManifest.xml:41:9-46:21
103                <action android:name="android.intent.action.VIEW" />
103-->src/main/AndroidManifest.xml:42:9-61
103-->src/main/AndroidManifest.xml:42:17-58
104
105                <category android:name="android.intent.category.DEFAULT" />
105-->src/main/AndroidManifest.xml:43:9-68
105-->src/main/AndroidManifest.xml:43:19-65
106                <category android:name="android.intent.category.BROWSABLE" />
106-->src/main/AndroidManifest.xml:44:9-70
106-->src/main/AndroidManifest.xml:44:19-67
107
108                <data android:scheme="Experts4u" />
108-->src/main/AndroidManifest.xml:45:9-44
108-->src/main/AndroidManifest.xml:45:15-41
109            </intent-filter>
110            <intent-filter>
110-->src/main/AndroidManifest.xml:48:6-55:21
111                <action android:name="android.intent.action.VIEW" />
111-->src/main/AndroidManifest.xml:42:9-61
111-->src/main/AndroidManifest.xml:42:17-58
112
113                <category android:name="android.intent.category.DEFAULT" />
113-->src/main/AndroidManifest.xml:43:9-68
113-->src/main/AndroidManifest.xml:43:19-65
114                <category android:name="android.intent.category.BROWSABLE" />
114-->src/main/AndroidManifest.xml:44:9-70
114-->src/main/AndroidManifest.xml:44:19-67
115
116                <data android:scheme="http" />
116-->src/main/AndroidManifest.xml:45:9-44
116-->src/main/AndroidManifest.xml:45:15-41
117                <data android:scheme="https" />
117-->src/main/AndroidManifest.xml:45:9-44
117-->src/main/AndroidManifest.xml:45:15-41
118                <data android:host="www.experts4u.in" />
118-->src/main/AndroidManifest.xml:45:9-44
118-->src/main/AndroidManifest.xml:54:15-46
119            </intent-filter>
120        </activity>
121
122        <provider
122-->[:react-native-image-crop-picker] AndroidManifest.xml:16:9-24:20
123            android:name="com.reactnative.ivpusic.imagepicker.IvpusicImagePickerFileProvider"
123-->[:react-native-image-crop-picker] AndroidManifest.xml:17:13-94
124            android:authorities="com.expert4u.provider"
124-->[:react-native-image-crop-picker] AndroidManifest.xml:18:13-60
125            android:exported="false"
125-->[:react-native-image-crop-picker] AndroidManifest.xml:19:13-37
126            android:grantUriPermissions="true" >
126-->[:react-native-image-crop-picker] AndroidManifest.xml:20:13-47
127            <meta-data
127-->[:react-native-image-crop-picker] AndroidManifest.xml:21:13-23:78
128                android:name="android.support.FILE_PROVIDER_PATHS"
128-->[:react-native-image-crop-picker] AndroidManifest.xml:22:17-67
129                android:resource="@xml/ivpusic_imagepicker_provider_paths" />
129-->[:react-native-image-crop-picker] AndroidManifest.xml:23:17-75
130        </provider>
131
132        <activity
132-->[:react-native-image-crop-picker] AndroidManifest.xml:26:9-28:72
133            android:name="com.yalantis.ucrop.UCropActivity"
133-->[:react-native-image-crop-picker] AndroidManifest.xml:27:13-60
134            android:theme="@style/Theme.AppCompat.Light.NoActionBar" />
134-->[:react-native-image-crop-picker] AndroidManifest.xml:28:13-69
135
136        <provider
136-->[:react-native-image-picker] AndroidManifest.xml:8:9-16:20
137            android:name="com.imagepicker.ImagePickerProvider"
137-->[:react-native-image-picker] AndroidManifest.xml:9:13-63
138            android:authorities="com.expert4u.imagepickerprovider"
138-->[:react-native-image-picker] AndroidManifest.xml:10:13-71
139            android:exported="false"
139-->[:react-native-image-picker] AndroidManifest.xml:11:13-37
140            android:grantUriPermissions="true" >
140-->[:react-native-image-picker] AndroidManifest.xml:12:13-47
141            <meta-data
141-->[:react-native-image-crop-picker] AndroidManifest.xml:21:13-23:78
142                android:name="android.support.FILE_PROVIDER_PATHS"
142-->[:react-native-image-crop-picker] AndroidManifest.xml:22:17-67
143                android:resource="@xml/imagepicker_provider_paths" />
143-->[:react-native-image-crop-picker] AndroidManifest.xml:23:17-75
144        </provider>
145
146        <activity
146-->[:react-native-razorpay] AndroidManifest.xml:8:9-10:86
147            android:name="com.razorpay.CheckoutActivity"
147-->[:react-native-razorpay] AndroidManifest.xml:9:13-57
148            android:configChanges="keyboard|keyboardHidden|orientation|screenSize"
148-->[:react-native-razorpay] AndroidManifest.xml:10:13-83
149            android:exported="false"
149-->[com.razorpay:standard-core:1.6.41] AndroidManifest.xml:54:13-37
150            android:theme="@style/CheckoutTheme" >
150-->[com.razorpay:standard-core:1.6.41] AndroidManifest.xml:55:13-49
151            <intent-filter>
151-->[com.razorpay:standard-core:1.6.41] AndroidManifest.xml:56:13-58:29
152                <action android:name="android.intent.action.MAIN" />
152-->src/main/AndroidManifest.xml:37:13-65
152-->src/main/AndroidManifest.xml:37:21-62
153            </intent-filter>
154        </activity>
155
156        <meta-data
156-->[com.github.bumptech.glide:okhttp3-integration:4.12.0] AndroidManifest.xml:11:9-13:43
157            android:name="com.bumptech.glide.integration.okhttp3.OkHttpGlideModule"
157-->[com.github.bumptech.glide:okhttp3-integration:4.12.0] AndroidManifest.xml:12:13-84
158            android:value="GlideModule" />
158-->[com.github.bumptech.glide:okhttp3-integration:4.12.0] AndroidManifest.xml:13:13-40
159
160        <receiver
160-->[com.razorpay:standard-core:1.6.41] AndroidManifest.xml:42:9-49:20
161            android:name="com.razorpay.RzpTokenReceiver"
161-->[com.razorpay:standard-core:1.6.41] AndroidManifest.xml:43:13-57
162            android:exported="true" >
162-->[com.razorpay:standard-core:1.6.41] AndroidManifest.xml:44:13-36
163            <intent-filter>
163-->[com.razorpay:standard-core:1.6.41] AndroidManifest.xml:46:13-48:29
164                <action android:name="rzp.device_token.share" />
164-->[com.razorpay:standard-core:1.6.41] AndroidManifest.xml:37:13-61
164-->[com.razorpay:standard-core:1.6.41] AndroidManifest.xml:37:21-58
165            </intent-filter>
166        </receiver>
167
168        <meta-data
168-->[com.razorpay:standard-core:1.6.41] AndroidManifest.xml:61:9-63:58
169            android:name="com.razorpay.plugin.googlepay_all"
169-->[com.razorpay:standard-core:1.6.41] AndroidManifest.xml:62:13-61
170            android:value="com.razorpay.RzpGpayMerged" /> <!-- Needs to be explicitly declared on P+ -->
170-->[com.razorpay:standard-core:1.6.41] AndroidManifest.xml:63:13-55
171        <uses-library
171-->[com.google.android.gms:play-services-maps:18.0.2] AndroidManifest.xml:39:9-41:40
172            android:name="org.apache.http.legacy"
172-->[com.google.android.gms:play-services-maps:18.0.2] AndroidManifest.xml:40:13-50
173            android:required="false" />
173-->[com.google.android.gms:play-services-maps:18.0.2] AndroidManifest.xml:41:13-37
174
175        <activity
175-->[com.google.android.gms:play-services-auth:21.1.0] AndroidManifest.xml:23:9-27:75
176            android:name="com.google.android.gms.auth.api.signin.internal.SignInHubActivity"
176-->[com.google.android.gms:play-services-auth:21.1.0] AndroidManifest.xml:24:13-93
177            android:excludeFromRecents="true"
177-->[com.google.android.gms:play-services-auth:21.1.0] AndroidManifest.xml:25:13-46
178            android:exported="false"
178-->[com.google.android.gms:play-services-auth:21.1.0] AndroidManifest.xml:26:13-37
179            android:theme="@android:style/Theme.Translucent.NoTitleBar" />
179-->[com.google.android.gms:play-services-auth:21.1.0] AndroidManifest.xml:27:13-72
180        <!--
181            Service handling Google Sign-In user revocation. For apps that do not integrate with
182            Google Sign-In, this service will never be started.
183        -->
184        <service
184-->[com.google.android.gms:play-services-auth:21.1.0] AndroidManifest.xml:33:9-37:51
185            android:name="com.google.android.gms.auth.api.signin.RevocationBoundService"
185-->[com.google.android.gms:play-services-auth:21.1.0] AndroidManifest.xml:34:13-89
186            android:exported="true"
186-->[com.google.android.gms:play-services-auth:21.1.0] AndroidManifest.xml:35:13-36
187            android:permission="com.google.android.gms.auth.api.signin.permission.REVOCATION_NOTIFICATION"
187-->[com.google.android.gms:play-services-auth:21.1.0] AndroidManifest.xml:36:13-107
188            android:visibleToInstantApps="true" />
188-->[com.google.android.gms:play-services-auth:21.1.0] AndroidManifest.xml:37:13-48
189
190        <activity
190-->[com.google.android.gms:play-services-base:18.3.0] AndroidManifest.xml:20:9-22:45
191            android:name="com.google.android.gms.common.api.GoogleApiActivity"
191-->[com.google.android.gms:play-services-base:18.3.0] AndroidManifest.xml:20:19-85
192            android:exported="false"
192-->[com.google.android.gms:play-services-base:18.3.0] AndroidManifest.xml:22:19-43
193            android:theme="@android:style/Theme.Translucent.NoTitleBar" />
193-->[com.google.android.gms:play-services-base:18.3.0] AndroidManifest.xml:21:19-78
194
195        <meta-data
195-->[com.google.android.gms:play-services-basement:18.3.0] AndroidManifest.xml:21:9-23:69
196            android:name="com.google.android.gms.version"
196-->[com.google.android.gms:play-services-basement:18.3.0] AndroidManifest.xml:22:13-58
197            android:value="@integer/google_play_services_version" />
197-->[com.google.android.gms:play-services-basement:18.3.0] AndroidManifest.xml:23:13-66
198
199        <provider
199-->[androidx.work:work-runtime:2.7.1] AndroidManifest.xml:31:9-39:20
200            android:name="androidx.startup.InitializationProvider"
200-->[androidx.work:work-runtime:2.7.1] AndroidManifest.xml:32:13-67
201            android:authorities="com.expert4u.androidx-startup"
201-->[androidx.work:work-runtime:2.7.1] AndroidManifest.xml:33:13-68
202            android:exported="false" >
202-->[androidx.work:work-runtime:2.7.1] AndroidManifest.xml:34:13-37
203            <meta-data
203-->[androidx.work:work-runtime:2.7.1] AndroidManifest.xml:36:13-38:52
204                android:name="androidx.work.WorkManagerInitializer"
204-->[androidx.work:work-runtime:2.7.1] AndroidManifest.xml:37:17-68
205                android:value="androidx.startup" />
205-->[androidx.work:work-runtime:2.7.1] AndroidManifest.xml:38:17-49
206            <meta-data
206-->[androidx.emoji2:emoji2:1.2.0] AndroidManifest.xml:29:13-31:52
207                android:name="androidx.emoji2.text.EmojiCompatInitializer"
207-->[androidx.emoji2:emoji2:1.2.0] AndroidManifest.xml:30:17-75
208                android:value="androidx.startup" />
208-->[androidx.emoji2:emoji2:1.2.0] AndroidManifest.xml:31:17-49
209            <meta-data
209-->[androidx.lifecycle:lifecycle-process:2.4.1] AndroidManifest.xml:31:13-33:52
210                android:name="androidx.lifecycle.ProcessLifecycleInitializer"
210-->[androidx.lifecycle:lifecycle-process:2.4.1] AndroidManifest.xml:32:17-78
211                android:value="androidx.startup" />
211-->[androidx.lifecycle:lifecycle-process:2.4.1] AndroidManifest.xml:33:17-49
212        </provider>
213
214        <service
214-->[androidx.work:work-runtime:2.7.1] AndroidManifest.xml:41:9-46:35
215            android:name="androidx.work.impl.background.systemalarm.SystemAlarmService"
215-->[androidx.work:work-runtime:2.7.1] AndroidManifest.xml:42:13-88
216            android:directBootAware="false"
216-->[androidx.work:work-runtime:2.7.1] AndroidManifest.xml:43:13-44
217            android:enabled="@bool/enable_system_alarm_service_default"
217-->[androidx.work:work-runtime:2.7.1] AndroidManifest.xml:44:13-72
218            android:exported="false" />
218-->[androidx.work:work-runtime:2.7.1] AndroidManifest.xml:45:13-37
219        <service
219-->[androidx.work:work-runtime:2.7.1] AndroidManifest.xml:47:9-53:35
220            android:name="androidx.work.impl.background.systemjob.SystemJobService"
220-->[androidx.work:work-runtime:2.7.1] AndroidManifest.xml:48:13-84
221            android:directBootAware="false"
221-->[androidx.work:work-runtime:2.7.1] AndroidManifest.xml:49:13-44
222            android:enabled="@bool/enable_system_job_service_default"
222-->[androidx.work:work-runtime:2.7.1] AndroidManifest.xml:50:13-70
223            android:exported="true"
223-->[androidx.work:work-runtime:2.7.1] AndroidManifest.xml:51:13-36
224            android:permission="android.permission.BIND_JOB_SERVICE" />
224-->[androidx.work:work-runtime:2.7.1] AndroidManifest.xml:52:13-69
225        <service
225-->[androidx.work:work-runtime:2.7.1] AndroidManifest.xml:54:9-59:35
226            android:name="androidx.work.impl.foreground.SystemForegroundService"
226-->[androidx.work:work-runtime:2.7.1] AndroidManifest.xml:55:13-81
227            android:directBootAware="false"
227-->[androidx.work:work-runtime:2.7.1] AndroidManifest.xml:56:13-44
228            android:enabled="@bool/enable_system_foreground_service_default"
228-->[androidx.work:work-runtime:2.7.1] AndroidManifest.xml:57:13-77
229            android:exported="false" />
229-->[androidx.work:work-runtime:2.7.1] AndroidManifest.xml:58:13-37
230
231        <receiver
231-->[androidx.work:work-runtime:2.7.1] AndroidManifest.xml:61:9-66:35
232            android:name="androidx.work.impl.utils.ForceStopRunnable$BroadcastReceiver"
232-->[androidx.work:work-runtime:2.7.1] AndroidManifest.xml:62:13-88
233            android:directBootAware="false"
233-->[androidx.work:work-runtime:2.7.1] AndroidManifest.xml:63:13-44
234            android:enabled="true"
234-->[androidx.work:work-runtime:2.7.1] AndroidManifest.xml:64:13-35
235            android:exported="false" />
235-->[androidx.work:work-runtime:2.7.1] AndroidManifest.xml:65:13-37
236        <receiver
236-->[androidx.work:work-runtime:2.7.1] AndroidManifest.xml:67:9-77:20
237            android:name="androidx.work.impl.background.systemalarm.ConstraintProxy$BatteryChargingProxy"
237-->[androidx.work:work-runtime:2.7.1] AndroidManifest.xml:68:13-106
238            android:directBootAware="false"
238-->[androidx.work:work-runtime:2.7.1] AndroidManifest.xml:69:13-44
239            android:enabled="false"
239-->[androidx.work:work-runtime:2.7.1] AndroidManifest.xml:70:13-36
240            android:exported="false" >
240-->[androidx.work:work-runtime:2.7.1] AndroidManifest.xml:71:13-37
241            <intent-filter>
241-->[androidx.work:work-runtime:2.7.1] AndroidManifest.xml:73:13-76:29
242                <action android:name="android.intent.action.ACTION_POWER_CONNECTED" />
242-->[androidx.work:work-runtime:2.7.1] AndroidManifest.xml:74:17-87
242-->[androidx.work:work-runtime:2.7.1] AndroidManifest.xml:74:25-84
243                <action android:name="android.intent.action.ACTION_POWER_DISCONNECTED" />
243-->[androidx.work:work-runtime:2.7.1] AndroidManifest.xml:75:17-90
243-->[androidx.work:work-runtime:2.7.1] AndroidManifest.xml:75:25-87
244            </intent-filter>
245        </receiver>
246        <receiver
246-->[androidx.work:work-runtime:2.7.1] AndroidManifest.xml:78:9-88:20
247            android:name="androidx.work.impl.background.systemalarm.ConstraintProxy$BatteryNotLowProxy"
247-->[androidx.work:work-runtime:2.7.1] AndroidManifest.xml:79:13-104
248            android:directBootAware="false"
248-->[androidx.work:work-runtime:2.7.1] AndroidManifest.xml:80:13-44
249            android:enabled="false"
249-->[androidx.work:work-runtime:2.7.1] AndroidManifest.xml:81:13-36
250            android:exported="false" >
250-->[androidx.work:work-runtime:2.7.1] AndroidManifest.xml:82:13-37
251            <intent-filter>
251-->[androidx.work:work-runtime:2.7.1] AndroidManifest.xml:84:13-87:29
252                <action android:name="android.intent.action.BATTERY_OKAY" />
252-->[androidx.work:work-runtime:2.7.1] AndroidManifest.xml:85:17-77
252-->[androidx.work:work-runtime:2.7.1] AndroidManifest.xml:85:25-74
253                <action android:name="android.intent.action.BATTERY_LOW" />
253-->[androidx.work:work-runtime:2.7.1] AndroidManifest.xml:86:17-76
253-->[androidx.work:work-runtime:2.7.1] AndroidManifest.xml:86:25-73
254            </intent-filter>
255        </receiver>
256        <receiver
256-->[androidx.work:work-runtime:2.7.1] AndroidManifest.xml:89:9-99:20
257            android:name="androidx.work.impl.background.systemalarm.ConstraintProxy$StorageNotLowProxy"
257-->[androidx.work:work-runtime:2.7.1] AndroidManifest.xml:90:13-104
258            android:directBootAware="false"
258-->[androidx.work:work-runtime:2.7.1] AndroidManifest.xml:91:13-44
259            android:enabled="false"
259-->[androidx.work:work-runtime:2.7.1] AndroidManifest.xml:92:13-36
260            android:exported="false" >
260-->[androidx.work:work-runtime:2.7.1] AndroidManifest.xml:93:13-37
261            <intent-filter>
261-->[androidx.work:work-runtime:2.7.1] AndroidManifest.xml:95:13-98:29
262                <action android:name="android.intent.action.DEVICE_STORAGE_LOW" />
262-->[androidx.work:work-runtime:2.7.1] AndroidManifest.xml:96:17-83
262-->[androidx.work:work-runtime:2.7.1] AndroidManifest.xml:96:25-80
263                <action android:name="android.intent.action.DEVICE_STORAGE_OK" />
263-->[androidx.work:work-runtime:2.7.1] AndroidManifest.xml:97:17-82
263-->[androidx.work:work-runtime:2.7.1] AndroidManifest.xml:97:25-79
264            </intent-filter>
265        </receiver>
266        <receiver
266-->[androidx.work:work-runtime:2.7.1] AndroidManifest.xml:100:9-109:20
267            android:name="androidx.work.impl.background.systemalarm.ConstraintProxy$NetworkStateProxy"
267-->[androidx.work:work-runtime:2.7.1] AndroidManifest.xml:101:13-103
268            android:directBootAware="false"
268-->[androidx.work:work-runtime:2.7.1] AndroidManifest.xml:102:13-44
269            android:enabled="false"
269-->[androidx.work:work-runtime:2.7.1] AndroidManifest.xml:103:13-36
270            android:exported="false" >
270-->[androidx.work:work-runtime:2.7.1] AndroidManifest.xml:104:13-37
271            <intent-filter>
271-->[androidx.work:work-runtime:2.7.1] AndroidManifest.xml:106:13-108:29
272                <action android:name="android.net.conn.CONNECTIVITY_CHANGE" />
272-->[androidx.work:work-runtime:2.7.1] AndroidManifest.xml:107:17-79
272-->[androidx.work:work-runtime:2.7.1] AndroidManifest.xml:107:25-76
273            </intent-filter>
274        </receiver>
275        <receiver
275-->[androidx.work:work-runtime:2.7.1] AndroidManifest.xml:110:9-121:20
276            android:name="androidx.work.impl.background.systemalarm.RescheduleReceiver"
276-->[androidx.work:work-runtime:2.7.1] AndroidManifest.xml:111:13-88
277            android:directBootAware="false"
277-->[androidx.work:work-runtime:2.7.1] AndroidManifest.xml:112:13-44
278            android:enabled="false"
278-->[androidx.work:work-runtime:2.7.1] AndroidManifest.xml:113:13-36
279            android:exported="false" >
279-->[androidx.work:work-runtime:2.7.1] AndroidManifest.xml:114:13-37
280            <intent-filter>
280-->[androidx.work:work-runtime:2.7.1] AndroidManifest.xml:116:13-120:29
281                <action android:name="android.intent.action.BOOT_COMPLETED" />
281-->[androidx.work:work-runtime:2.7.1] AndroidManifest.xml:117:17-79
281-->[androidx.work:work-runtime:2.7.1] AndroidManifest.xml:117:25-76
282                <action android:name="android.intent.action.TIME_SET" />
282-->[androidx.work:work-runtime:2.7.1] AndroidManifest.xml:118:17-73
282-->[androidx.work:work-runtime:2.7.1] AndroidManifest.xml:118:25-70
283                <action android:name="android.intent.action.TIMEZONE_CHANGED" />
283-->[androidx.work:work-runtime:2.7.1] AndroidManifest.xml:119:17-81
283-->[androidx.work:work-runtime:2.7.1] AndroidManifest.xml:119:25-78
284            </intent-filter>
285        </receiver>
286        <receiver
286-->[androidx.work:work-runtime:2.7.1] AndroidManifest.xml:122:9-131:20
287            android:name="androidx.work.impl.background.systemalarm.ConstraintProxyUpdateReceiver"
287-->[androidx.work:work-runtime:2.7.1] AndroidManifest.xml:123:13-99
288            android:directBootAware="false"
288-->[androidx.work:work-runtime:2.7.1] AndroidManifest.xml:124:13-44
289            android:enabled="@bool/enable_system_alarm_service_default"
289-->[androidx.work:work-runtime:2.7.1] AndroidManifest.xml:125:13-72